<?xml version='1.0' encoding="UTF-8" ?>
<ding>
    <kuchen>
        <fernseher id="2" />
        <fernseher id="34" fritz="true" >
            <besitzer name="andre" />
        </fernseher>
        <fernseher id="33" name="sony" />
    </kuchen>
    <pause>bis morgen</pause>
</ding>
